0 info it worked if it ends with ok
1 verbose cli [ 'C:\\Program Files\\nodejs\\node.exe',
1 verbose cli   'C:\\Program Files\\nodejs\\node_modules\\npm\\bin\\npm-cli.js',
1 verbose cli   'start' ]
2 info using npm@3.10.8
3 info using node@v4.5.0
4 verbose run-script [ 'prestart', 'start', 'poststart' ]
5 info lifecycle scheduler@1.0.0~prestart: scheduler@1.0.0
6 silly lifecycle scheduler@1.0.0~prestart: no script for prestart, continuing
7 info lifecycle scheduler@1.0.0~start: scheduler@1.0.0
8 verbose lifecycle scheduler@1.0.0~start: unsafe-perm in lifecycle true
9 verbose lifecycle scheduler@1.0.0~start: PATH: C:\Program Files\nodejs\node_modules\npm\bin\node-gyp-bin;C:\Users\james\Documents\Visual Studio 2015\Projects\Scheduler.SPA\node_modules\.bin;C:\WINDOWS\system32;C:\WINDOWS;C:\WINDOWS\System32\Wbem;C:\WINDOWS\System32\WindowsPowerShell\v1.0\;C:\Program Files (x86)\Skype\Phone\;C:\Program Files (x86)\Microsoft SQL Server\Client SDK\ODBC\110\Tools\Binn\;C:\Program Files (x86)\Microsoft SQL Server\120\Tools\Binn\ManagementStudio\;C:\Program Files (x86)\Microsoft SQL Server\120\Tools\Binn\;C:\Program Files (x86)\Microsoft SQL Server\120\DTS\Binn\;C:\Program Files\Microsoft SQL Server\130\Tools\Binn\;C:\Program Files\nodejs\;C:\Program Files\dotnet\;C:\Program Files\Git\cmd;C:\Program Files (x86)\Windows Kits\8.1\Windows Performance Toolkit\;C:\Program Files (x86)\Microsoft Emulator Manager\1.0\;;C:\Program Files (x86)\Microsoft VS Code\bin;C:\Users\james\AppData\Roaming\npm;%USERPROFILE%\AppData\Local\Microsoft\WindowsApps
10 verbose lifecycle scheduler@1.0.0~start: CWD: C:\Users\james\Documents\Visual Studio 2015\Projects\Scheduler.SPA
11 silly lifecycle scheduler@1.0.0~start: Args: [ '/d /s /c',
11 silly lifecycle   'tsc && concurrently "npm run tsc:w" "npm run lite --baseDir ./app --port 8000" ' ]
12 silly lifecycle scheduler@1.0.0~start: Returned: code: 2  signal: null
13 info lifecycle scheduler@1.0.0~start: Failed to exec start script
14 verbose stack Error: scheduler@1.0.0 start: `tsc && concurrently "npm run tsc:w" "npm run lite --baseDir ./app --port 8000" `
14 verbose stack Exit status 2
14 verbose stack     at EventEmitter.<anonymous> (C:\Program Files\nodejs\node_modules\npm\lib\utils\lifecycle.js:255:16)
14 verbose stack     at emitTwo (events.js:87:13)
14 verbose stack     at EventEmitter.emit (events.js:172:7)
14 verbose stack     at ChildProcess.<anonymous> (C:\Program Files\nodejs\node_modules\npm\lib\utils\spawn.js:40:14)
14 verbose stack     at emitTwo (events.js:87:13)
14 verbose stack     at ChildProcess.emit (events.js:172:7)
14 verbose stack     at maybeClose (internal/child_process.js:829:16)
14 verbose stack     at Process.ChildProcess._handle.onexit (internal/child_process.js:211:5)
15 verbose pkgid scheduler@1.0.0
16 verbose cwd C:\Users\james\Documents\Visual Studio 2015\Projects\Scheduler.SPA
17 error Windows_NT 10.0.14393
18 error argv "C:\\Program Files\\nodejs\\node.exe" "C:\\Program Files\\nodejs\\node_modules\\npm\\bin\\npm-cli.js" "start"
19 error node v4.5.0
20 error npm  v3.10.8
21 error code ELIFECYCLE
22 error scheduler@1.0.0 start: `tsc && concurrently "npm run tsc:w" "npm run lite --baseDir ./app --port 8000" `
22 error Exit status 2
23 error Failed at the scheduler@1.0.0 start script 'tsc && concurrently "npm run tsc:w" "npm run lite --baseDir ./app --port 8000" '.
23 error Make sure you have the latest version of node.js and npm installed.
23 error If you do, this is most likely a problem with the scheduler package,
23 error not with npm itself.
23 error Tell the author that this fails on your system:
23 error     tsc && concurrently "npm run tsc:w" "npm run lite --baseDir ./app --port 8000"
23 error You can get information on how to open an issue for this project with:
23 error     npm bugs scheduler
23 error Or if that isn't available, you can get their info via:
23 error     npm owner ls scheduler
23 error There is likely additional logging output above.
24 verbose exit [ 1, true ]
